#! /usr/local/iverilog/bin/vvp
:ivl_version "11.0 (devel)" "(s20150603-642-g3bdb50da)";
:ivl_delay_selection "TYPICAL";
:vpi_time_precision + 0;
:vpi_module "system";
:vpi_module "vhdl_sys";
:vpi_module "vhdl_textio";
:vpi_module "v2005_math";
:vpi_module "va_math";
S_000000000121b250 .scope module, "SanitizerAufwaermteil" "SanitizerAufwaermteil" 2 1;
 .timescale 0 0;
o00000000010cfef8 .functor BUFZ 32, C4<zzzzzzzzzzzzzzzzzzzzzzzzzzzzzzzz>; HiZ drive
v000000000110c160_0 .net "a", 31 0, o00000000010cfef8;  0 drivers
o00000000010cff28 .functor BUFZ 32, C4<zzzzzzzzzzzzzzzzzzzzzzzzzzzzzzzz>; HiZ drive
v000000000110d920_0 .net "b", 31 0, o00000000010cff28;  0 drivers
o00000000010cff58 .functor BUFZ 1, C4<z>; HiZ drive
v000000000110d380_0 .net "clock", 0 0, o00000000010cff58;  0 drivers
o00000000010d0198 .functor BUFZ 1, C4<z>; HiZ drive
v000000000110d6a0_0 .net "inp", 0 0, o00000000010d0198;  0 drivers
v000000000110d740_0 .net "outp", 1 0, L_00000000010a0c50;  1 drivers
v000000000110dce0_0 .net "q", 31 0, v00000000010b1300_0;  1 drivers
v000000000110de20_0 .net "r", 31 0, v00000000010b0fe0_0;  1 drivers
o00000000010d0048 .functor BUFZ 1, C4<z>; HiZ drive
v000000000110d420_0 .net "start", 0 0, o00000000010d0048;  0 drivers
S_000000000121b3e0 .scope module, "divs" "Division" 2 14, 3 1 0, S_000000000121b250;
 .timescale 0 0;
    .port_info 0 /INPUT 1 "clock";
    .port_info 1 /INPUT 1 "start";
    .port_info 2 /INPUT 32 "a";
    .port_info 3 /INPUT 32 "b";
    .port_info 4 /OUTPUT 32 "q";
    .port_info 5 /OUTPUT 32 "r";
v00000000010b0a40_0 .net "a", 31 0, o00000000010cfef8;  alias, 0 drivers
v00000000010b0b80_0 .net "b", 31 0, o00000000010cff28;  alias, 0 drivers
v00000000010b0e00_0 .net "clock", 0 0, o00000000010cff58;  alias, 0 drivers
v00000000010b0f40_0 .var "pos", 5 0;
v00000000010b1300_0 .var "q", 31 0;
v00000000010b0fe0_0 .var "r", 31 0;
v00000000010b1260_0 .var "s", 31 0;
v00000000010b0ae0_0 .net "start", 0 0, o00000000010d0048;  alias, 0 drivers
E_00000000010c9c50 .event posedge, v00000000010b0e00_0;
S_0000000001064bc0 .scope module, "mp" "MealyPattern" 2 7, 4 1 0, S_000000000121b250;
 .timescale 0 0;
    .port_info 0 /INPUT 1 "clock";
    .port_info 1 /INPUT 1 "i";
    .port_info 2 /OUTPUT 2 "o";
L_00000000010a0c50 .functor BUFZ 2, v00000000010b0680_0, C4<00>, C4<00>, C4<00>;
v00000000010b0c20_0 .net "clock", 0 0, o00000000010cff58;  alias, 0 drivers
v00000000010b0ea0_0 .net "i", 0 0, o00000000010d0198;  alias, 0 drivers
v00000000010b1120_0 .net "o", 1 0, L_00000000010a0c50;  alias, 1 drivers
v00000000010b0680_0 .var "p", 1 0;
v00000000010b07c0_0 .var "r1", 0 0;
v00000000010b0860_0 .var "r2", 0 0;
S_0000000001064d50 .scope module, "tb" "MealyPatternTestbench" 2 3, 4 32 0, S_000000000121b250;
 .timescale 0 0;
v00000000010b0900_0 .var "clock", 0 0;
v00000000010b09a0_0 .var "i", 0 0;
v000000000110c480_0 .net "o", 1 0, L_00000000010a0a20;  1 drivers
S_0000000001077190 .scope module, "machine" "MealyPattern" 4 37, 4 1 0, S_0000000001064d50;
 .timescale 0 0;
    .port_info 0 /INPUT 1 "clock";
    .port_info 1 /INPUT 1 "i";
    .port_info 2 /OUTPUT 2 "o";
L_00000000010a0a20 .functor BUFZ 2, v00000000010b1080_0, C4<00>, C4<00>, C4<00>;
v00000000010b1440_0 .net "clock", 0 0, v00000000010b0900_0;  1 drivers
v00000000010b05e0_0 .net "i", 0 0, v00000000010b09a0_0;  1 drivers
v00000000010b11c0_0 .net "o", 1 0, L_00000000010a0a20;  alias, 1 drivers
v00000000010b1080_0 .var "p", 1 0;
v00000000010b0720_0 .var "r1", 0 0;
v00000000010b13a0_0 .var "r2", 0 0;
E_00000000010cb150 .event posedge, v00000000010b1440_0;
    .scope S_0000000001077190;
T_0 ;
    %pushi/vec4 0, 0, 1;
    %store/vec4 v00000000010b0720_0, 0, 1;
    %pushi/vec4 0, 0, 1;
    %store/vec4 v00000000010b13a0_0, 0, 1;
    %end;
    .thread T_0;
    .scope S_0000000001077190;
T_1 ;
    %wait E_00000000010cb150;
    %load/vec4 v00000000010b0720_0;
    %assign/vec4 v00000000010b13a0_0, 0;
    %load/vec4 v00000000010b05e0_0;
    %assign/vec4 v00000000010b0720_0, 0;
    %load/vec4 v00000000010b05e0_0;
    %load/vec4 v00000000010b0720_0;
    %and;
    %load/vec4 v00000000010b13a0_0;
    %and;
    %ix/load 4, 0, 0;
    %flag_set/imm 4, 0;
    %store/vec4 v00000000010b1080_0, 4, 1;
    %load/vec4 v00000000010b13a0_0;
    %nor/r;
    %load/vec4 v00000000010b0720_0;
    %nor/r;
    %and;
    %load/vec4 v00000000010b05e0_0;
    %and;
    %ix/load 4, 1, 0;
    %flag_set/imm 4, 0;
    %store/vec4 v00000000010b1080_0, 4, 1;
    %jmp T_1;
    .thread T_1;
    .scope S_0000000001064d50;
T_2 ;
    %pushi/vec4 0, 0, 1;
    %store/vec4 v00000000010b0900_0, 0, 1;
    %pushi/vec4 0, 0, 1;
    %store/vec4 v00000000010b09a0_0, 0, 1;
    %end;
    .thread T_2;
    .scope S_0000000001064d50;
T_3 ;
    %delay 1, 0;
    %load/vec4 v00000000010b0900_0;
    %nor/r;
    %store/vec4 v00000000010b0900_0, 0, 1;
    %jmp T_3;
    .thread T_3;
    .scope S_0000000001064d50;
T_4 ;
    %delay 2, 0;
    %pushi/vec4 1, 0, 1;
    %store/vec4 v00000000010b09a0_0, 0, 1;
    %delay 2, 0;
    %pushi/vec4 1, 0, 1;
    %store/vec4 v00000000010b09a0_0, 0, 1;
    %delay 2, 0;
    %pushi/vec4 1, 0, 1;
    %store/vec4 v00000000010b09a0_0, 0, 1;
    %delay 2, 0;
    %pushi/vec4 0, 0, 1;
    %store/vec4 v00000000010b09a0_0, 0, 1;
    %delay 2, 0;
    %pushi/vec4 0, 0, 1;
    %store/vec4 v00000000010b09a0_0, 0, 1;
    %delay 2, 0;
    %pushi/vec4 1, 0, 1;
    %store/vec4 v00000000010b09a0_0, 0, 1;
    %delay 2, 0;
    %pushi/vec4 1, 0, 1;
    %store/vec4 v00000000010b09a0_0, 0, 1;
    %delay 2, 0;
    %pushi/vec4 0, 0, 1;
    %store/vec4 v00000000010b09a0_0, 0, 1;
    %delay 2, 0;
    %pushi/vec4 0, 0, 1;
    %store/vec4 v00000000010b09a0_0, 0, 1;
    %delay 2, 0;
    %pushi/vec4 1, 0, 1;
    %store/vec4 v00000000010b09a0_0, 0, 1;
    %delay 2, 0;
    %load/vec4 v000000000110c480_0;
    %parti/s 1, 0, 2;
    %pad/u 32;
    %pushi/vec4 0, 0, 32;
    %cmp/e;
    %flag_get/vec4 4;
    %load/vec4 v000000000110c480_0;
    %parti/s 1, 1, 2;
    %pad/u 32;
    %pushi/vec4 1, 0, 32;
    %cmp/e;
    %flag_get/vec4 4;
    %and;
    %flag_set/vec4 8;
    %jmp/0xz  T_4.0, 8;
    %vpi_call 4 444 "$display", "1110011001 -> success [%b, %b]", &PV<v000000000110c480_0, 0, 1>, &PV<v000000000110c480_0, 1, 1> {0 0 0};
    %jmp T_4.1;
T_4.0 ;
    %vpi_call 4 446 "$display", "1110011001 -> failure [%b, %b]", &PV<v000000000110c480_0, 0, 1>, &PV<v000000000110c480_0, 1, 1> {0 0 0};
T_4.1 ;
    %vpi_call 4 449 "$finish" {0 0 0};
    %end;
    .thread T_4;
    .scope S_0000000001064bc0;
T_5 ;
    %pushi/vec4 0, 0, 1;
    %store/vec4 v00000000010b07c0_0, 0, 1;
    %pushi/vec4 0, 0, 1;
    %store/vec4 v00000000010b0860_0, 0, 1;
    %end;
    .thread T_5;
    .scope S_0000000001064bc0;
T_6 ;
    %wait E_00000000010c9c50;
    %load/vec4 v00000000010b07c0_0;
    %assign/vec4 v00000000010b0860_0, 0;
    %load/vec4 v00000000010b0ea0_0;
    %assign/vec4 v00000000010b07c0_0, 0;
    %load/vec4 v00000000010b0ea0_0;
    %load/vec4 v00000000010b07c0_0;
    %and;
    %load/vec4 v00000000010b0860_0;
    %and;
    %ix/load 4, 0, 0;
    %flag_set/imm 4, 0;
    %store/vec4 v00000000010b0680_0, 4, 1;
    %load/vec4 v00000000010b0860_0;
    %nor/r;
    %load/vec4 v00000000010b07c0_0;
    %nor/r;
    %and;
    %load/vec4 v00000000010b0ea0_0;
    %and;
    %ix/load 4, 1, 0;
    %flag_set/imm 4, 0;
    %store/vec4 v00000000010b0680_0, 4, 1;
    %jmp T_6;
    .thread T_6;
    .scope S_000000000121b3e0;
T_7 ;
    %wait E_00000000010c9c50;
    %load/vec4 v00000000010b0ae0_0;
    %flag_set/vec4 8;
    %jmp/0xz  T_7.0, 8;
    %pushi/vec4 31, 0, 6;
    %assign/vec4 v00000000010b0f40_0, 0;
    %pushi/vec4 0, 0, 32;
    %assign/vec4 v00000000010b1300_0, 0;
    %pushi/vec4 0, 0, 32;
    %assign/vec4 v00000000010b0fe0_0, 0;
    %pushi/vec4 0, 0, 32;
    %assign/vec4 v00000000010b1260_0, 0;
    %jmp T_7.1;
T_7.0 ;
    %load/vec4 v00000000010b0f40_0;
    %pad/u 32;
    %cmpi/u 32, 0, 32;
    %jmp/0xz  T_7.2, 5;
    %load/vec4 v00000000010b0fe0_0;
    %muli 2, 0, 32;
    %load/vec4 v00000000010b0a40_0;
    %load/vec4 v00000000010b0f40_0;
    %part/u 1;
    %pad/u 32;
    %add;
    %store/vec4 v00000000010b1260_0, 0, 32;
    %load/vec4 v00000000010b1260_0;
    %load/vec4 v00000000010b0b80_0;
    %cmp/u;
    %jmp/0xz  T_7.4, 5;
    %pushi/vec4 0, 0, 1;
    %ix/getv 4, v00000000010b0f40_0;
    %store/vec4 v00000000010b1300_0, 4, 1;
    %load/vec4 v00000000010b1260_0;
    %store/vec4 v00000000010b0fe0_0, 0, 32;
    %jmp T_7.5;
T_7.4 ;
    %pushi/vec4 1, 0, 1;
    %ix/getv 4, v00000000010b0f40_0;
    %store/vec4 v00000000010b1300_0, 4, 1;
    %load/vec4 v00000000010b1260_0;
    %load/vec4 v00000000010b0b80_0;
    %sub;
    %store/vec4 v00000000010b0fe0_0, 0, 32;
T_7.5 ;
    %load/vec4 v00000000010b0f40_0;
    %subi 1, 0, 6;
    %store/vec4 v00000000010b0f40_0, 0, 6;
T_7.2 ;
T_7.1 ;
    %jmp T_7;
    .thread T_7;
    .scope S_000000000121b250;
T_8 ;
    %vpi_call 2 26 "$dumpfile", "simres.vcd" {0 0 0};
    %vpi_call 2 27 "$dumpvars", 32'sb00000000000000000000000000000000, S_0000000001077190 {0 0 0};
    %vpi_call 2 28 "$dumpvars", 32'sb00000000000000000000000000000000, v00000000010b05e0_0 {0 0 0};
    %vpi_call 2 29 "$dumpvars", 32'sb00000000000000000000000000000000, v00000000010b11c0_0 {0 0 0};
    %vpi_call 2 30 "$dumpvars", 32'sb00000000000000000000000000000000, v00000000010b1440_0 {0 0 0};
    %end;
    .thread T_8;
# The file index is used to find the file name in the following table.
:file_names 5;
    "N/A";
    "<interactive>";
    "SanitizerAufwaermteil.v";
    "DivisionsSchaltwerk.v";
    "MealyMaschine.v";
